Determining if the pthread_create exist failed with the following output:
Change Dir: /home/pen/catkin_ws/src/dyros_jet/build-dyros_jet-Desktop-Default/CMakeFiles/CMakeTmp

Run Build Command:/usr/bin/make "cmTryCompileExec3089321841/fast"
/usr/bin/make -f CMakeFiles/cmTryCompileExec3089321841.dir/build.make CMakeFiles/cmTryCompileExec3089321841.dir/build
make[1]: Entering directory `/home/pen/catkin_ws/src/dyros_jet/build-dyros_jet-Desktop-Default/CMakeFiles/CMakeTmp'
/usr/bin/cmake -E cmake_progress_report /home/pen/catkin_ws/src/dyros_jet/build-dyros_jet-Desktop-Default/CMakeFiles/CMakeTmp/CMakeFiles 1
Building C object CMakeFiles/cmTryCompileExec3089321841.dir/CheckSymbolExists.c.o
/usr/bin/cc    -o CMakeFiles/cmTryCompileExec3089321841.dir/CheckSymbolExists.c.o   -c /home/pen/catkin_ws/src/dyros_jet/build-dyros_jet-Desktop-Default/CMakeFiles/CMakeTmp/CheckSymbolExists.c
Linking C executable cmTryCompileExec3089321841
/usr/bin/cmake -E cmake_link_script CMakeFiles/cmTryCompileExec3089321841.dir/link.txt --verbose=1
/usr/bin/cc       CMakeFiles/cmTryCompileExec3089321841.dir/CheckSymbolExists.c.o  -o cmTryCompileExec3089321841 -rdynamic 
CMakeFiles/cmTryCompileExec3089321841.dir/CheckSymbolExists.c.o: In function `main':
CheckSymbolExists.c:(.text+0x16): undefined reference to `pthread_create'
collect2: error: ld returned 1 exit status
make[1]: *** [cmTryCompileExec3089321841] Error 1
make[1]: Leaving directory `/home/pen/catkin_ws/src/dyros_jet/build-dyros_jet-Desktop-Default/CMakeFiles/CMakeTmp'
make: *** [cmTryCompileExec3089321841/fast] Error 2

File /home/pen/catkin_ws/src/dyros_jet/build-dyros_jet-Desktop-Default/CMakeFiles/CMakeTmp/CheckSymbolExists.c:
/* */
#include <pthread.h>

int main(int argc, char** argv)
{
  (void)argv;
#ifndef pthread_create
  return ((int*)(&pthread_create))[argc];
#else
  (void)argc;
  return 0;
#endif
}

Determining if the function pthread_create exists in the pthreads failed with the following output:
Change Dir: /home/pen/catkin_ws/src/dyros_jet/build-dyros_jet-Desktop-Default/CMakeFiles/CMakeTmp

Run Build Command:/usr/bin/make "cmTryCompileExec2483768954/fast"
/usr/bin/make -f CMakeFiles/cmTryCompileExec2483768954.dir/build.make CMakeFiles/cmTryCompileExec2483768954.dir/build
make[1]: Entering directory `/home/pen/catkin_ws/src/dyros_jet/build-dyros_jet-Desktop-Default/CMakeFiles/CMakeTmp'
/usr/bin/cmake -E cmake_progress_report /home/pen/catkin_ws/src/dyros_jet/build-dyros_jet-Desktop-Default/CMakeFiles/CMakeTmp/CMakeFiles 1
Building C object CMakeFiles/cmTryCompileExec2483768954.dir/CheckFunctionExists.c.o
/usr/bin/cc   -DCHECK_FUNCTION_EXISTS=pthread_create   -o CMakeFiles/cmTryCompileExec2483768954.dir/CheckFunctionExists.c.o   -c /usr/share/cmake-2.8/Modules/CheckFunctionExists.c
Linking C executable cmTryCompileExec2483768954
/usr/bin/cmake -E cmake_link_script CMakeFiles/cmTryCompileExec2483768954.dir/link.txt --verbose=1
/usr/bin/cc   -DCHECK_FUNCTION_EXISTS=pthread_create    CMakeFiles/cmTryCompileExec2483768954.dir/CheckFunctionExists.c.o  -o cmTryCompileExec2483768954 -rdynamic -lpthreads 
/usr/bin/ld: cannot find -lpthreads
collect2: error: ld returned 1 exit status
make[1]: *** [cmTryCompileExec2483768954] Error 1
make[1]: Leaving directory `/home/pen/catkin_ws/src/dyros_jet/build-dyros_jet-Desktop-Default/CMakeFiles/CMakeTmp'
make: *** [cmTryCompileExec2483768954/fast] Error 2


